Deterministicamente:
La menor incrustacion en la recta es de longitud 1074
Y sigue la secuencia: 
11	6	7	3	10	4	0	9	8	5	1	2	
permutacion numero 142145839
Heurísticamente: 
La menor incrustacion en la recta es de longitud 1134
Y sigue la secuencia: 
11	9	8	5	2	1	10	3	7	6	4	0	

Deterministicamente:
La menor incrustacion en la recta es de longitud 1042
Y sigue la secuencia: 
2	0	6	3	7	10	9	1	11	5	4	8	
permutacion numero 373590341
Heurísticamente: 
La menor incrustacion en la recta es de longitud 1084
Y sigue la secuencia: 
3	8	4	9	2	0	6	5	11	1	10	7	

Deterministicamente:
La menor incrustacion en la recta es de longitud 1090
Y sigue la secuencia: 
2	11	9	0	5	4	1	3	6	10	8	7	
permutacion numero 351691424
Heurísticamente: 
La menor incrustacion en la recta es de longitud 1183
Y sigue la secuencia: 
9	7	8	10	6	3	1	4	5	11	2	0	

Deterministicamente:
La menor incrustacion en la recta es de longitud 1018
Y sigue la secuencia: 
2	11	4	10	5	9	6	8	0	1	3	7	
permutacion numero 336513975
Heurísticamente: 
La menor incrustacion en la recta es de longitud 1059
Y sigue la secuencia: 
2	4	11	7	3	1	0	8	10	5	9	6	

Deterministicamente:
La menor incrustacion en la recta es de longitud 1109
Y sigue la secuencia: 
2	11	7	0	8	6	9	10	5	4	1	3	
permutacion numero 181443658
Heurísticamente: 
La menor incrustacion en la recta es de longitud 1216
Y sigue la secuencia: 
3	1	4	2	9	6	8	0	11	7	10	5	

Deterministicamente:
La menor incrustacion en la recta es de longitud 990
Y sigue la secuencia: 
1	8	11	2	9	5	3	7	0	4	10	6	
permutacion numero 305659238
Heurísticamente: 
La menor incrustacion en la recta es de longitud 1006
Y sigue la secuencia: 
6	10	4	7	0	3	5	9	2	11	8	1	

Deterministicamente:
La menor incrustacion en la recta es de longitud 1032
Y sigue la secuencia: 
6	10	11	1	4	2	7	5	8	3	0	9	
permutacion numero 437259227
Heurísticamente: 
La menor incrustacion en la recta es de longitud 1112
Y sigue la secuencia: 
11	6	9	0	3	8	5	7	2	4	1	10	

Deterministicamente:
La menor incrustacion en la recta es de longitud 1112
Y sigue la secuencia: 
3	9	0	1	2	10	6	8	7	5	11	4	
permutacion numero 237954925
Heurísticamente: 
La menor incrustacion en la recta es de longitud 1170
Y sigue la secuencia: 
9	3	4	6	8	7	5	10	2	1	0	11	

^[[A
Deterministicamente:
La menor incrustacion en la recta es de longitud 1063
Y sigue la secuencia: 
2	6	8	4	0	1	11	9	10	3	7	5	
permutacion numero 245454574
Heurísticamente: 
La menor incrustacion en la recta es de longitud 1167
Y sigue la secuencia: 
11	10	5	2	6	8	4	0	1	7	3	9	

Deterministicamente:
La menor incrustacion en la recta es de longitud 1160
Y sigue la secuencia: 
6	4	2	10	3	8	1	9	5	11	0	7	
permutacion numero 358796910
Heurísticamente: 
La menor incrustacion en la recta es de longitud 1218
Y sigue la secuencia: 
6	3	5	4	2	10	9	1	8	11	0	7	

Deterministicamente:
La menor incrustacion en la recta es de longitud 1078
Y sigue la secuencia: 
6	1	5	4	10	7	11	2	3	8	9	0	
permutacion numero 439198034
Heurísticamente: 
La menor incrustacion en la recta es de longitud 1155
Y sigue la secuencia: 
0	7	10	6	1	5	4	8	3	2	11	9	

Deterministicamente:
La menor incrustacion en la recta es de longitud 1057
Y sigue la secuencia: 
3	7	1	4	2	9	11	5	10	8	0	6	
permutacion numero 280013394
Heurísticamente: 
La menor incrustacion en la recta es de longitud 1084
Y sigue la secuencia: 
1	6	0	8	10	5	11	9	2	4	7	3	

Deterministicamente:
La menor incrustacion en la recta es de longitud 977
Y sigue la secuencia: 
1	4	3	7	8	10	11	5	6	9	0	2	
permutacion numero 120010594
Heurísticamente: 
La menor incrustacion en la recta es de longitud 1104
Y sigue la secuencia: 
1	4	7	2	0	6	9	5	11	8	10	3	

Deterministicamente:
La menor incrustacion en la recta es de longitud 1246
Y sigue la secuencia: 
2	6	4	1	0	7	8	10	5	9	11	3	
permutacion numero 159722995
Heurísticamente: 
La menor incrustacion en la recta es de longitud 1358
Y sigue la secuencia: 
4	5	3	7	8	2	6	10	1	0	9	11	

Deterministicamente:
La menor incrustacion en la recta es de longitud 1102
Y sigue la secuencia: 
6	4	10	5	7	9	3	1	0	2	11	8	
permutacion numero 396917838
Heurísticamente: 
La menor incrustacion en la recta es de longitud 1110
Y sigue la secuencia: 
8	6	4	10	5	11	2	0	3	1	7	9	

Deterministicamente:
La menor incrustacion en la recta es de longitud 1039
Y sigue la secuencia: 
10	0	7	8	5	2	3	9	11	4	6	1	
permutacion numero 89964126
Heurísticamente: 
La menor incrustacion en la recta es de longitud 1054
Y sigue la secuencia: 
0	10	1	6	4	11	9	3	2	5	8	7	

Deterministicamente:
La menor incrustacion en la recta es de longitud 1061
Y sigue la secuencia: 
11	1	9	3	2	7	6	5	4	10	8	0	
permutacion numero 471904914
Heurísticamente: 
La menor incrustacion en la recta es de longitud 1114
Y sigue la secuencia: 
11	0	7	2	3	1	9	8	10	4	5	6	

Deterministicamente:
La menor incrustacion en la recta es de longitud 967
Y sigue la secuencia: 
11	6	9	3	2	5	8	7	1	0	4	10	
permutacion numero 55217327
Heurísticamente: 
La menor incrustacion en la recta es de longitud 1028
Y sigue la secuencia: 
11	2	10	4	0	8	5	7	1	6	9	3	